Using pre-set license
Built from '2020.2/release' branch; Version is '2020.2.1f1 (270dd8c3da1c) revision 2559448'; Using compiler version '192528614'; Build Type 'Release'
OS: 'Windows 10  (10.0.0) 64bit' Language: 'en' Physical Memory: 6272 MB
BatchMode: 1, IsHumanControllingUs: 0, StartBugReporterOnCrash: 0, Is64bit: 1, IsPro: 0

 COMMAND LINE ARGUMENTS:
C:\Program Files\Unity\Hub\Editor\2020.2.1f1\Editor\Unity.exe
-adb2
-batchMode
-noUpm
-name
AssetImportWorker0
-projectPath
C:/Users/dimit/Desktop/DESKTOP_PROJECT_UNITY_MAYA/New Unity Project
-logFile
Logs/AssetImportWorker0.log
-srvPort
64740
Successfully changed project path to: C:/Users/dimit/Desktop/DESKTOP_PROJECT_UNITY_MAYA/New Unity Project
C:/Users/dimit/Desktop/DESKTOP_PROJECT_UNITY_MAYA/New Unity Project
Using Asset Import Pipeline V2.
Refreshing native plugins compatible for Editor in 30.41 ms, found 0 plugins.
Preloading 0 native plugins for Editor in 0.00 ms.
Initialize engine version: 2020.2.1f1 (270dd8c3da1c)
[Subsystems] Discovering subsystems at path C:/Program Files/Unity/Hub/Editor/2020.2.1f1/Editor/Data/Resources/UnitySubsystems
[Subsystems] Discovering subsystems at path C:/Users/dimit/Desktop/DESKTOP_PROJECT_UNITY_MAYA/New Unity Project/Assets
GfxDevice: creating device client; threaded=0
Direct3D:
    Version:  Direct3D 11.0 [level 11.0]
    Renderer: NVIDIA GeForce MX130 (ID=0x174d)
    Vendor:   
    VRAM:     2010 MB
    Driver:   27.21.14.6140
Initialize mono
Mono path[0] = 'C:/Program Files/Unity/Hub/Editor/2020.2.1f1/Editor/Data/Managed'
Mono path[1] = 'C:/Program Files/Unity/Hub/Editor/2020.2.1f1/Editor/Data/MonoBleedingEdge/lib/mono/unityjit'
Mono config path = 'C:/Program Files/Unity/Hub/Editor/2020.2.1f1/Editor/Data/MonoBleedingEdge/etc'
Using monoOptions --debugger-agent=transport=dt_socket,embedding=1,server=y,suspend=n,address=127.0.0.1:56056
Begin MonoManager ReloadAssembly
Registering precompiled unity dll's ...
Register platform support module: C:/Program Files/Unity/Hub/Editor/2020.2.1f1/Editor/Data/PlaybackEngines/WindowsStandaloneSupport/UnityEditor.WindowsStandalone.Extensions.dll
Registered in 0.001592 seconds.
Native extension for WindowsStandalone target not found
Refreshing native plugins compatible for Editor in 19.05 ms, found 0 plugins.
Preloading 0 native plugins for Editor in 0.00 ms.
Invoked RoslynAnalysisRunner static constructor.
RoslynAnalysisRunner will not be running.
RoslynAnalysisRunner has terminated.
Mono: successfully reloaded assembly
- Completed reload, in  1.479 seconds
Platform modules already initialized, skipping
Registering precompiled user dll's ...
Registered in 0.000664 seconds.
Begin MonoManager ReloadAssembly
Native extension for WindowsStandalone target not found
Refreshing native plugins compatible for Editor in 0.21 ms, found 0 plugins.
Preloading 0 native plugins for Editor in 0.00 ms.
Invoked RoslynAnalysisRunner static constructor.
RoslynAnalysisRunner will not be running.
RoslynAnalysisRunner has terminated.
Mono: successfully reloaded assembly
- Completed reload, in  0.696 seconds
Platform modules already initialized, skipping
========================================================================
Worker process is ready to serve import requests
Launched and connected shader compiler UnityShaderCompiler.exe after 0.04 seconds
Refreshing native plugins compatible for Editor in 0.19 ms, found 0 plugins.
Preloading 0 native plugins for Editor in 0.00 ms.
Unloading 1094 Unused Serialized files (Serialized files now loaded: 0)
System memory in use before: 56.6 MB.
System memory in use after: 56.7 MB.

Unloading 10 unused Assets to reduce memory usage. Loaded Objects now: 1536.
Total: 2.076700 ms (FindLiveObjects: 0.187300 ms CreateObjectMapping: 0.070200 ms MarkObjects: 1.748600 ms  DeleteObjects: 0.068800 ms)

========================================================================
Received Import Request.
  path: Assets/This is Maya Asset/celosna_soba_sredena_working_root.mb
  artifactKey: Guid(03380d59f079ffb48b4527d05f748cd8) Importer(815301076,1909f56bfc062723c751e8b465ee728b)
Start importing Assets/This is Maya Asset/celosna_soba_sredena_working_root.mb using Guid(03380d59f079ffb48b4527d05f748cd8) Importer(815301076,1909f56bfc062723c751e8b465ee728b)  -> (artifact id: 'a02a7f14635e5a1eb302a225c05ff6bb') in 2.160568 seconds
  Import took 2.165301 seconds .

========================================================================
Received Import Request.
  Time since last request: 487.190698 seconds.
  path: Assets/This is Maya Asset/cela_soba.fbx
  artifactKey: Guid(4dc2d6e8fd17b0146b3f362be637f737) Importer(815301076,1909f56bfc062723c751e8b465ee728b)
Start importing Assets/This is Maya Asset/cela_soba.fbx using Guid(4dc2d6e8fd17b0146b3f362be637f737) Importer(815301076,1909f56bfc062723c751e8b465ee728b)  -> (artifact id: '0e0467d74fb16bcf20002c252c64fd21') in 1.152268 seconds
  Import took 1.157111 seconds .

========================================================================
Received Import Request.
  Time since last request: 172.403834 seconds.
  path: Assets/This is Maya Asset/cela_soba.fbx
  artifactKey: Guid(4dc2d6e8fd17b0146b3f362be637f737) Importer(815301076,1909f56bfc062723c751e8b465ee728b)
Start importing Assets/This is Maya Asset/cela_soba.fbx using Guid(4dc2d6e8fd17b0146b3f362be637f737) Importer(815301076,1909f56bfc062723c751e8b465ee728b)  -> (artifact id: '1d3e12bd2ea1228b8d5bca25fba194a6') in 0.866887 seconds
  Import took 0.871011 seconds .

========================================================================
Received Import Request.
  Time since last request: 460.433795 seconds.
  path: Assets/This is Maya Asset/soba.fbx
  artifactKey: Guid(1e653cd872d5fd2499a4f7bc416fbaa5) Importer(815301076,1909f56bfc062723c751e8b465ee728b)
Start importing Assets/This is Maya Asset/soba.fbx using Guid(1e653cd872d5fd2499a4f7bc416fbaa5) Importer(815301076,1909f56bfc062723c751e8b465ee728b)  -> (artifact id: 'b07cb1a355884c477af691dbe40dfeca') in 1.042620 seconds
  Import took 1.046715 seconds .

========================================================================
Received Import Request.
  Time since last request: 0.008788 seconds.
  path: Assets/This is Maya Asset/soba.fbx
  artifactKey: Guid(1e653cd872d5fd2499a4f7bc416fbaa5) Importer(815301076,1909f56bfc062723c751e8b465ee728b)
Start importing Assets/This is Maya Asset/soba.fbx using Guid(1e653cd872d5fd2499a4f7bc416fbaa5) Importer(815301076,1909f56bfc062723c751e8b465ee728b)  -> (artifact id: 'b07cb1a355884c477af691dbe40dfeca') in 0.753378 seconds
  Import took 0.757718 seconds .

AssetImportWorkerClient::OnTransportError - code=2 error=End of file
